Bringing machine 'default' up with 'virtualbox' provider...
==> default: Importing base box 'debian/jessie64'...
[KProgress: 10%[KProgress: 20%[KProgress: 30%[KProgress: 40%[KProgress: 60%[KProgress: 90%[K==> default: Matching MAC address for NAT networking...
==> default: Checking if box 'debian/jessie64' is up to date...
==> default: Setting the name of the VM: client_default_1556394947519_26165
==> default: Fixed port collision for 22 => 2222. Now on port 2200.
==> default: Clearing any previously set network interfaces...
==> default: Preparing network interfaces based on configuration...
    default: Adapter 1: nat
    default: Adapter 2: intnet
==> default: Forwarding ports...
    default: 22 (guest) => 2200 (host) (adapter 1)
==> default: Running 'pre-boot' VM customizations...
==> default: Booting VM...
==> default: Waiting for machine to boot. This may take a few minutes...
    default: SSH address: 127.0.0.1:2200
    default: SSH username: vagrant
    default: SSH auth method: private key
    default: Warning: Connection reset. Retrying...
    default: Warning: Remote connection disconnect. Retrying...
    default: Warning: Connection reset. Retrying...
    default: Warning: Remote connection disconnect. Retrying...
    default: Warning: Connection reset. Retrying...
    default: Warning: Remote connection disconnect. Retrying...
    default: Warning: Connection reset. Retrying...
    default: Warning: Remote connection disconnect. Retrying...
    default: Warning: Connection reset. Retrying...
    default: 
    default: Vagrant insecure key detected. Vagrant will automatically replace
    default: this with a newly generated keypair for better security.
Bringing machine 'default' up with 'virtualbox' provider...
==> default: Importing base box 'debian/jessie64'...
[KProgress: 10%[KProgress: 20%[KProgress: 40%[KProgress: 60%[KProgress: 90%[K==> default: Matching MAC address for NAT networking...
==> default: Checking if box 'debian/jessie64' is up to date...
==> default: Setting the name of the VM: client_default_1557505637357_29726
==> default: Fixed port collision for 22 => 2222. Now on port 2200.
==> default: Clearing any previously set network interfaces...
==> default: Preparing network interfaces based on configuration...
    default: Adapter 1: nat
    default: Adapter 2: intnet
==> default: Forwarding ports...
    default: 22 (guest) => 2200 (host) (adapter 1)
==> default: Running 'pre-boot' VM customizations...
==> default: Booting VM...
==> default: Waiting for machine to boot. This may take a few minutes...
    default: SSH address: 127.0.0.1:2200
    default: SSH username: vagrant
    default: SSH auth method: private key
    default: 
    default: Vagrant insecure key detected. Vagrant will automatically replace
    default: this with a newly generated keypair for better security.
    default: 
    default: Inserting generated public key within guest...
    default: Removing insecure key from the guest if it's present...
    default: Key inserted! Disconnecting and reconnecting using new SSH key...
==> default: Machine booted and ready!
==> default: Checking for guest additions in VM...
    default: No guest additions were detected on the base box for this VM! Guest
    default: additions are required for forwarded ports, shared folders, host only
    default: networking, and more. If SSH fails on this machine, please install
    default: the guest additions and repackage the box to continue.
    default: 
    default: This is not an error message; everything may continue to work properly,
    default: in which case you may ignore this message.
==> default: Setting hostname...
==> default: Installing rsync to the VM...
==> default: Rsyncing folder: /home/hector.martinez/Escriptori/scripts/LabSecTest/client/ => /vagrant
==> default: Running provisioner: shell...
    default: Running: /tmp/vagrant-shell20190510-11556-ag2mq2.sh
    default: WARNING: 
    default: apt
    default:  
    default: does not have a stable CLI interface yet. 
    default: Use with caution in scripts.
    default: Reading package lists...
    default: Building dependency tree...
    default: Reading state information...
    default: The following extra packages will be installed:
    default:   libaio1 libdbd-mysql-perl libdbi-perl libhtml-template-perl libmysqlclient18
    default:   libterm-readkey-perl mysql-client-5.5 mysql-common mysql-server-5.5
    default:   mysql-server-core-5.5
    default: Suggested packages:
    default:   libclone-perl libmldbm-perl libnet-daemon-perl libsql-statement-perl
    default:   libipc-sharedcache-perl tinyca
    default: The following NEW packages will be installed:
    default:   libaio1 libdbd-mysql-perl libdbi-perl libhtml-template-perl libmysqlclient18
    default:   libterm-readkey-perl mysql-client-5.5 mysql-common mysql-server
    default:   mysql-server-5.5 mysql-server-core-5.5
    default: 0 upgraded, 11 newly installed, 0 to remove and 77 not upgraded.
    default: Need to get 9,080 kB of archives.
    default: After this operation, 96.7 MB of additional disk space will be used.
    default: Do you want to continue?
    default:  [Y/n] 
    default: Abort.
==> default: Attempting graceful shutdown of VM...
==> default: Checking if box 'debian/jessie64' is up to date...
==> default: Clearing any previously set forwarded ports...
==> default: Fixed port collision for 22 => 2222. Now on port 2200.
==> default: Clearing any previously set network interfaces...
==> default: Preparing network interfaces based on configuration...
    default: Adapter 1: nat
    default: Adapter 2: intnet
==> default: Forwarding ports...
    default: 22 (guest) => 2200 (host) (adapter 1)
==> default: Running 'pre-boot' VM customizations...
==> default: Booting VM...
==> default: Waiting for machine to boot. This may take a few minutes...
    default: SSH address: 127.0.0.1:2200
    default: SSH username: vagrant
    default: SSH auth method: private key
==> default: Machine booted and ready!
==> default: Checking for guest additions in VM...
    default: No guest additions were detected on the base box for this VM! Guest
    default: additions are required for forwarded ports, shared folders, host only
    default: networking, and more. If SSH fails on this machine, please install
    default: the guest additions and repackage the box to continue.
    default: 
    default: This is not an error message; everything may continue to work properly,
    default: in which case you may ignore this message.
==> default: Setting hostname...
==> default: Rsyncing folder: /home/hector.martinez/Escriptori/scripts/LabSecTest/client/ => /vagrant
==> default: Machine already provisioned. Run `vagrant provision` or use the `--provision`
==> default: flag to force provisioning. Provisioners marked to run always will still run.

==> default: Machine 'default' has a post `vagrant up` message. This is a message
==> default: from the creator of the Vagrantfile, and not from Vagrant itself:
==> default: 
==> default: Vanilla Debian box. See https://app.vagrantup.com/debian for help and bug reports
