Bringing machine 'default' up with 'virtualbox' provider...
==> default: Importing base box 'debian/jessie64'...
[KProgress: 10%[KProgress: 20%[KProgress: 30%[KProgress: 40%[KProgress: 50%[KProgress: 60%[KProgress: 90%[K==> default: Matching MAC address for NAT networking...
==> default: Checking if box 'debian/jessie64' is up to date...
==> default: Setting the name of the VM: server_default_1556394947519_13829
==> default: Fixed port collision for 22 => 2222. Now on port 2201.
==> default: Clearing any previously set network interfaces...
==> default: Preparing network interfaces based on configuration...
    default: Adapter 1: nat
    default: Adapter 2: intnet
==> default: Forwarding ports...
    default: 22 (guest) => 2201 (host) (adapter 1)
==> default: Running 'pre-boot' VM customizations...
==> default: Booting VM...
==> default: Waiting for machine to boot. This may take a few minutes...
    default: SSH address: 127.0.0.1:2201
    default: SSH username: vagrant
    default: SSH auth method: private key
Bringing machine 'default' up with 'virtualbox' provider...
==> default: Importing base box 'debian/jessie64'...
[KProgress: 10%[KProgress: 20%[KProgress: 40%[KProgress: 60%[KProgress: 90%[K==> default: Matching MAC address for NAT networking...
==> default: Checking if box 'debian/jessie64' is up to date...
==> default: Setting the name of the VM: server_default_1557505566791_41424
==> default: Clearing any previously set network interfaces...
==> default: Preparing network interfaces based on configuration...
    default: Adapter 1: nat
    default: Adapter 2: intnet
==> default: Forwarding ports...
    default: 22 (guest) => 2222 (host) (adapter 1)
==> default: Running 'pre-boot' VM customizations...
==> default: Booting VM...
==> default: Waiting for machine to boot. This may take a few minutes...
    default: SSH address: 127.0.0.1:2222
    default: SSH username: vagrant
    default: SSH auth method: private key
    default: 
    default: Vagrant insecure key detected. Vagrant will automatically replace
    default: this with a newly generated keypair for better security.
    default: 
    default: Inserting generated public key within guest...
    default: Removing insecure key from the guest if it's present...
    default: Key inserted! Disconnecting and reconnecting using new SSH key...
==> default: Machine booted and ready!
==> default: Checking for guest additions in VM...
    default: No guest additions were detected on the base box for this VM! Guest
    default: additions are required for forwarded ports, shared folders, host only
    default: networking, and more. If SSH fails on this machine, please install
    default: the guest additions and repackage the box to continue.
    default: 
    default: This is not an error message; everything may continue to work properly,
    default: in which case you may ignore this message.
==> default: Setting hostname...
==> default: Configuring and enabling network interfaces...
==> default: Installing rsync to the VM...
==> default: Rsyncing folder: /home/hector.martinez/Escriptori/scripts/LabSecTest/server/ => /vagrant
==> default: Running provisioner: shell...
    default: Running: /tmp/vagrant-shell20190510-9771-1878hio.sh
    default: 
    default: WARNING: apt does not have a stable CLI interface yet. Use with caution in scripts.
    default: Hit http://security.debian.org jessie/updates InRelease
    default: Hit http://security.debian.org jessie/updates/main Sources
    default: Ign http://httpredir.debian.org jessie InRelease
    default: Hit http://security.debian.org jessie/updates/main amd64 Packages
    default: Hit http://httpredir.debian.org jessie Release.gpg
    default: Hit http://httpredir.debian.org jessie Release
    default: Hit http://httpredir.debian.org jessie/main Sources
    default: Hit http://httpredir.debian.org jessie/main amd64 Packages
    default: Reading package lists...
    default: Building dependency tree...
    default: 
    default: Reading state information...
    default: 77 packages can be upgraded. Run 'apt list --upgradable' to see them.

==> default: Machine 'default' has a post `vagrant up` message. This is a message
==> default: from the creator of the Vagrantfile, and not from Vagrant itself:
==> default: 
==> default: Vanilla Debian box. See https://app.vagrantup.com/debian for help and bug reports
